<?xml version="1.0" encoding="UTF-8"?>
<!-- Generated by org.testng.reporters.JUnitXMLReporter -->
<testsuite ignored="0" hostname="LM2G2MD6M" failures="0" tests="3" name="Test" time="39.765" errors="0" timestamp="29 Sept 2022 04:40:31 GMT">
  <testcase classname="testcases.SimplilearnLoginTest" name="Test1" time="13.342"/>
  <testcase classname="testcases.SimplilearnLoginTest" name="Test2" time="5.826"/>
  <testcase classname="testcases.SimplilearnLoginTest" name="Test3" time="8.783"/>
</testsuite> <!-- Test -->
